Arguments: 
  /usr/local/bin/node /usr/local/bin/yarn add bootstrap

PATH: 
  /Library/Frameworks/Python.framework/Versions/3.7/bin:/usr/local/bin:/usr/bin:/bin:/usr/sbin:/sbin:/Library/Frameworks/Mono.framework/Versions/Current/Commands

Yarn version: 
  1.10.1

Node version: 
  10.11.0

Platform: 
  darwin x64

Trace: 
  Error: https://registry.npm.taobao.org/animate.css: ETIMEDOUT
      at Timeout._onTimeout (/usr/local/lib/node_modules/yarn/lib/cli.js:120826:19)
      at ontimeout (timers.js:425:11)
      at tryOnTimeout (timers.js:289:5)
      at listOnTimeout (timers.js:252:5)
      at Timer.processTimers (timers.js:212:10)

npm manifest: 
  {
    "name": "wechat-h5-boilerplate",
    "version": "0.3.6",
    "description": "A fullpage scrolling website boilerplate for mobile devices.",
    "repository": {
      "type": "git",
      "url": "git+https://github.com/panteng/wechat-h5-boilerplate.git"
    },
    "author": "Chris Pan",
    "license": "MIT",
    "devDependencies": {
      "browser-sync": "^2.10.1",
      "del": "^2.2.0",
      "gulp": "^3.9.0",
      "gulp-autoprefixer": "^3.1.0",
      "gulp-browserify": "^0.5.1",
      "gulp-concat": "^2.6.0",
      "gulp-imagemin": "^3.1.1",
      "gulp-inject": "^4.2.0",
      "gulp-minify-css": "^1.2.2",
      "gulp-notify": "^3.0.0",
      "gulp-plumber": "^1.0.1",
      "gulp-rename": "^1.2.2",
      "gulp-sass": "^3.1.0",
      "gulp-uglify": "^2.0.1",
      "partialify": "^3.1.5",
      "run-sequence": "^1.1.5",
      "stream-series": "^0.1.1"
    },
    "dependencies": {
      "animate.css": "^3.4.0",
      "jquery": "^3.1.1",
      "normalize.css": "^5.0.0",
      "swiper": "^3.2.7"
    }
  }

yarn manifest: 
  No manifest

Lockfile: 
  No lockfile
